[debug] [2025-01-29T09:24:02.060Z] ----------------------------------------------------------------------
[debug] [2025-01-29T09:24:02.063Z] Command:       C:\Program Files\nodejs\node.exe C:\Users\kanha\AppData\Roaming\npm\node_modules\firebase-tools\lib\bin\firebase.js init
[debug] [2025-01-29T09:24:02.063Z] CLI Version:   13.29.2
[debug] [2025-01-29T09:24:02.063Z] Platform:      win32
[debug] [2025-01-29T09:24:02.063Z] Node Version:  v22.13.1
[debug] [2025-01-29T09:24:02.064Z] Time:          Wed Jan 29 2025 14:54:02 GMT+0530 (India Standard Time)
[debug] [2025-01-29T09:24:02.064Z] ----------------------------------------------------------------------
[debug] 
[debug] [2025-01-29T09:24:02.073Z] > command requires scopes: ["email","openid","https://www.googleapis.com/auth/cloudplatformprojects.readonly","https://www.googleapis.com/auth/firebase","https://www.googleapis.com/auth/cloud-platform"]
[debug] [2025-01-29T09:24:02.074Z] > authorizing via signed-in user (study.mp.1008@gmail.com)
[info] 
     ######## #### ########  ######## ########     ###     ######  ########
     ##        ##  ##     ## ##       ##     ##  ##   ##  ##       ##
     ######    ##  ########  ######   ########  #########  ######  ######
     ##        ##  ##    ##  ##       ##     ## ##     ##       ## ##
     ##       #### ##     ## ######## ########  ##     ##  ######  ########

You're about to initialize a Firebase project in this directory:

  D:\website

[info] 
=== Project Setup
[info] 
[info] First, let's associate this project directory with a Firebase project.
[info] You can create multiple project aliases by running firebase use --add, 
[info] but for now we'll just set up a default project.
[info] 
[debug] [2025-01-29T09:25:06.643Z] Checked if tokens are valid: true, expires at: 1738146197903
[debug] [2025-01-29T09:25:06.644Z] Checked if tokens are valid: true, expires at: 1738146197903
[debug] [2025-01-29T09:25:06.645Z] >>> [apiv2][query] GET https://firebase.googleapis.com/v1beta1/projects pageSize=100
[debug] [2025-01-29T09:25:07.690Z] <<< [apiv2][status] GET https://firebase.googleapis.com/v1beta1/projects 200
[debug] [2025-01-29T09:25:07.690Z] <<< [apiv2][body] GET https://firebase.googleapis.com/v1beta1/projects [omitted]
[info] i  Using project bank-statement-analyzer-46be7 (Bank Statement Analyzer) 
[info] 
=== Functions Setup
[debug] [2025-01-29T09:25:12.068Z] > command requires scopes: ["email","openid","https://www.googleapis.com/auth/cloudplatformprojects.readonly","https://www.googleapis.com/auth/firebase","https://www.googleapis.com/auth/cloud-platform"]
[debug] [2025-01-29T09:25:12.068Z] > authorizing via signed-in user (study.mp.1008@gmail.com)
[debug] [2025-01-29T09:25:12.068Z] [iam] checking project bank-statement-analyzer-46be7 for permissions ["firebase.projects.get"]
[debug] [2025-01-29T09:25:12.069Z] Checked if tokens are valid: true, expires at: 1738146197903
[debug] [2025-01-29T09:25:12.069Z] Checked if tokens are valid: true, expires at: 1738146197903
[debug] [2025-01-29T09:25:12.069Z] >>> [apiv2][query] POST https://cloudresourcemanager.googleapis.com/v1/projects/bank-statement-analyzer-46be7:testIamPermissions [none]
[debug] [2025-01-29T09:25:12.069Z] >>> [apiv2][(partial)header] POST https://cloudresourcemanager.googleapis.com/v1/projects/bank-statement-analyzer-46be7:testIamPermissions x-goog-quota-user=projects/bank-statement-analyzer-46be7
[debug] [2025-01-29T09:25:12.069Z] >>> [apiv2][body] POST https://cloudresourcemanager.googleapis.com/v1/projects/bank-statement-analyzer-46be7:testIamPermissions {"permissions":["firebase.projects.get"]}
[debug] [2025-01-29T09:25:13.842Z] <<< [apiv2][status] POST https://cloudresourcemanager.googleapis.com/v1/projects/bank-statement-analyzer-46be7:testIamPermissions 200
[debug] [2025-01-29T09:25:13.842Z] <<< [apiv2][body] POST https://cloudresourcemanager.googleapis.com/v1/projects/bank-statement-analyzer-46be7:testIamPermissions {"permissions":["firebase.projects.get"]}
[debug] [2025-01-29T09:25:13.843Z] Checked if tokens are valid: true, expires at: 1738146197903
[debug] [2025-01-29T09:25:13.843Z] Checked if tokens are valid: true, expires at: 1738146197903
[debug] [2025-01-29T09:25:13.843Z] Checked if tokens are valid: true, expires at: 1738146197903
[debug] [2025-01-29T09:25:13.843Z] Checked if tokens are valid: true, expires at: 1738146197903
[debug] [2025-01-29T09:25:13.844Z] >>> [apiv2][query] GET https://serviceusage.googleapis.com/v1/projects/bank-statement-analyzer-46be7/services/cloudfunctions.googleapis.com [none]
[debug] [2025-01-29T09:25:13.844Z] >>> [apiv2][(partial)header] GET https://serviceusage.googleapis.com/v1/projects/bank-statement-analyzer-46be7/services/cloudfunctions.googleapis.com x-goog-quota-user=projects/bank-statement-analyzer-46be7
[debug] [2025-01-29T09:25:13.845Z] >>> [apiv2][query] GET https://serviceusage.googleapis.com/v1/projects/bank-statement-analyzer-46be7/services/runtimeconfig.googleapis.com [none]
[debug] [2025-01-29T09:25:13.846Z] >>> [apiv2][(partial)header] GET https://serviceusage.googleapis.com/v1/projects/bank-statement-analyzer-46be7/services/runtimeconfig.googleapis.com x-goog-quota-user=projects/bank-statement-analyzer-46be7
[debug] [2025-01-29T09:25:15.999Z] <<< [apiv2][status] GET https://serviceusage.googleapis.com/v1/projects/bank-statement-analyzer-46be7/services/runtimeconfig.googleapis.com 200
[debug] [2025-01-29T09:25:15.999Z] <<< [apiv2][body] GET https://serviceusage.googleapis.com/v1/projects/bank-statement-analyzer-46be7/services/runtimeconfig.googleapis.com [omitted]
[debug] [2025-01-29T09:25:16.000Z] <<< [apiv2][status] GET https://serviceusage.googleapis.com/v1/projects/bank-statement-analyzer-46be7/services/cloudfunctions.googleapis.com 200
[debug] [2025-01-29T09:25:16.000Z] <<< [apiv2][body] GET https://serviceusage.googleapis.com/v1/projects/bank-statement-analyzer-46be7/services/cloudfunctions.googleapis.com [omitted]
[debug] [2025-01-29T09:25:16.000Z] Checked if tokens are valid: true, expires at: 1738146197903
[debug] [2025-01-29T09:25:16.000Z] Checked if tokens are valid: true, expires at: 1738146197903
[debug] [2025-01-29T09:25:16.000Z] >>> [apiv2][query] POST https://serviceusage.googleapis.com/v1/projects/bank-statement-analyzer-46be7/services/cloudfunctions.googleapis.com:enable [none]
[debug] [2025-01-29T09:25:16.000Z] >>> [apiv2][(partial)header] POST https://serviceusage.googleapis.com/v1/projects/bank-statement-analyzer-46be7/services/cloudfunctions.googleapis.com:enable x-goog-quota-user=projects/bank-statement-analyzer-46be7
[debug] [2025-01-29T09:25:17.970Z] <<< [apiv2][status] POST https://serviceusage.googleapis.com/v1/projects/bank-statement-analyzer-46be7/services/cloudfunctions.googleapis.com:enable 200
[debug] [2025-01-29T09:25:17.971Z] <<< [apiv2][body] POST https://serviceusage.googleapis.com/v1/projects/bank-statement-analyzer-46be7/services/cloudfunctions.googleapis.com:enable [omitted]
[debug] [2025-01-29T09:25:27.986Z] Checked if tokens are valid: true, expires at: 1738146197903
[debug] [2025-01-29T09:25:27.987Z] Checked if tokens are valid: true, expires at: 1738146197903
[debug] [2025-01-29T09:25:27.987Z] >>> [apiv2][query] GET https://serviceusage.googleapis.com/v1/projects/bank-statement-analyzer-46be7/services/cloudfunctions.googleapis.com [none]
[debug] [2025-01-29T09:25:27.987Z] >>> [apiv2][(partial)header] GET https://serviceusage.googleapis.com/v1/projects/bank-statement-analyzer-46be7/services/cloudfunctions.googleapis.com x-goog-quota-user=projects/bank-statement-analyzer-46be7
[debug] [2025-01-29T09:25:30.011Z] <<< [apiv2][status] GET https://serviceusage.googleapis.com/v1/projects/bank-statement-analyzer-46be7/services/cloudfunctions.googleapis.com 200
[debug] [2025-01-29T09:25:30.011Z] <<< [apiv2][body] GET https://serviceusage.googleapis.com/v1/projects/bank-statement-analyzer-46be7/services/cloudfunctions.googleapis.com [omitted]
[info] Let's create a new codebase for your functions.
[info] A directory corresponding to the codebase will be created in your project
[info] with sample code pre-configured.

[info] See https://firebase.google.com/docs/functions/organize-functions for
[info] more information on organizing your functions using codebases.

[info] Functions can be deployed with firebase deploy.

[info] +  Wrote functions/requirements.txt 
[info] +  Wrote functions/.gitignore 
[info] +  Wrote functions/main.py 
[debug] [2025-01-29T09:26:04.229Z] Running command with virtualenv: command="D:\website\functions\venv\Scripts\activate.bat", args=["","&&","pip3","install","--upgrade","pip"]
[debug] [2025-01-29T09:26:23.881Z] Error: spawn "D:\website\functions\venv\Scripts\activate.bat" ENOENT
    at notFoundError (C:\Users\kanha\AppData\Roaming\npm\node_modules\firebase-tools\node_modules\cross-spawn\lib\enoent.js:6:26)
    at verifyENOENT (C:\Users\kanha\AppData\Roaming\npm\node_modules\firebase-tools\node_modules\cross-spawn\lib\enoent.js:40:16)
    at cp.emit (C:\Users\kanha\AppData\Roaming\npm\node_modules\firebase-tools\node_modules\cross-spawn\lib\enoent.js:27:25)
    at ChildProcess._handle.onexit (node:internal/child_process:293:12)
[error] 
[error] Error: An unexpected error has occurred.
